<html>
<head>
<title>TestNG:  Surefire test</title>
<link href="../testng.css" rel="stylesheet" type="text/css" />
<link href="../my-testng.css" rel="stylesheet" type="text/css" />

<style type="text/css">
.log { display: none;} 
.stack-trace { display: none;} 
</style>
<script type="text/javascript">
<!--
function flip(e) {
  current = e.style.display;
  if (current == 'block') {
    e.style.display = 'none';
    return 0;
  }
  else {
    e.style.display = 'block';
    return 1;
  }
}

function toggleBox(szDivId, elem, msg1, msg2)
{
  var res = -1;  if (document.getElementById) {
    res = flip(document.getElementById(szDivId));
  }
  else if (document.all) {
    // this is the way old msie versions work
    res = flip(document.all[szDivId]);
  }
  if(elem) {
    if(res == 0) elem.innerHTML = msg1; else elem.innerHTML = msg2;
  }

}

function toggleAllBoxes() {
  if (document.getElementsByTagName) {
    d = document.getElementsByTagName('div');
    for (i = 0; i < d.length; i++) {
      if (d[i].className == 'log') {
        flip(d[i]);
      }
    }
  }
}

// -->
</script>

</head>
<body>
<h2 align='center'>Surefire test</h2><table border='1' align="center">
<tr>
<td>Tests passed/Failed/Skipped:</td><td>12/3/0</td>
</tr><tr>
<td>Started on:</td><td>Fri Nov 25 02:23:56 EET 2022</td>
</tr>
<tr><td>Total time:</td><td>168 seconds (168816 ms)</td>
</tr><tr>
<td>Included groups:</td><td></td>
</tr><tr>
<td>Excluded groups:</td><td></td>
</tr>
</table><p/>
<small><i>(Hover the method name to see the test class name)</i></small><p/>
<table width='100%' border='1' class='invocation-failed'>
<tr><td colspan='4' align='center'><b>FAILED TESTS</b></td></tr>
<tr><td><b>Test method</b></td>
<td><b>Attribute(s)</b></td>
<td width="30%"><b>Exception</b></td>
<td width="10%"><b>Time (seconds)</b></td>
<td><b>Instance</b></td>
</tr>
<tr>
<td title='org.example.runners.runners.runScenario()'><b>runScenario</b><br>Test class: org.example.runners.runners<br>Test method: Runs Cucumber Scenarios<br>Parameters: "user opens rss link", "F07_followUs | users could open followUs links"</td>
<td><div><pre>java.lang.IndexOutOfBoundsException: Index 1 out of bounds for length 1
	at java.base/jdk.internal.util.Preconditions.outOfBounds(Preconditions.java:100)
	at java.base/jdk.internal.util.Preconditions.outOfBoundsCheckIndex(Preconditions.java:106)
	at java.base/jdk.internal.util.Preconditions.checkIndex(Preconditions.java:302)
	at java.base/java.util.Objects.checkIndex(Objects.java:385)
	at java.base/java.util.ArrayList.get(ArrayList.java:427)
	at org.example.stepDefs.D07_followUsStepDef.rssIsOpenedInNewTab(D07_followUsStepDef.java:77)
	at ✽.RSS is opened in new tab(file:///Users/ahmadamer/IdeaProjects/nopCommerce_Maven_Cucumber/src/main/resources/features/F07_followUs.feature:11)
</pre></div><a href='#' onClick='toggleBox("stack-trace1905830810", this, "Click to show all stack frames", "Click to hide stack frames")'>Click to show all stack frames</a>
<div class='stack-trace' id='stack-trace1905830810'><pre>java.lang.IndexOutOfBoundsException: Index 1 out of bounds for length 1
	at java.base/jdk.internal.util.Preconditions.outOfBounds(Preconditions.java:100)
	at java.base/jdk.internal.util.Preconditions.outOfBoundsCheckIndex(Preconditions.java:106)
	at java.base/jdk.internal.util.Preconditions.checkIndex(Preconditions.java:302)
	at java.base/java.util.Objects.checkIndex(Objects.java:385)
	at java.base/java.util.ArrayList.get(ArrayList.java:427)
	at org.example.stepDefs.D07_followUsStepDef.rssIsOpenedInNewTab(D07_followUsStepDef.java:77)
	at ✽.RSS is opened in new tab(file:///Users/ahmadamer/IdeaProjects/nopCommerce_Maven_Cucumber/src/main/resources/features/F07_followUs.feature:11)
</pre></div></td>
<td>11</td>
<td>org.example.runners.runners@275710fc</td></tr>
<tr>
<td title='org.example.runners.runners.runScenario()'><b>runScenario</b><br>Test class: org.example.runners.runners<br>Test method: Runs Cucumber Scenarios<br>Parameters: "first slider is clickable on home page ( Nokia Lumia )", "F06_HomeSliders | user could select product from Home Sliders"</td>
<td><div><pre>org.openqa.selenium.TimeoutException: Expected condition failed: waiting for visibility of [[ChromeDriver: chrome on MAC (3323432c96984e2c9bc2c35938fa0c89)] -&gt; xpath: //*[@id=&quot;nivo-slider&quot;]/a[2]] (tried for 5 second(s) with 500 milliseconds interval)
Build info: version: &apos;4.5.3&apos;, revision: &apos;4b786a1e430&apos;
System info: os.name: &apos;Mac OS X&apos;, os.arch: &apos;x86_64&apos;, os.version: &apos;11.6.7&apos;, java.version: &apos;19&apos;
Driver info: org.openqa.selenium.chrome.ChromeDriver
Capabilities {acceptInsecureCerts: false, browserName: chrome, browserVersion: 107.0.5304.121, chrome: {chromedriverVersion: 107.0.5304.62 (1eec40d3a576..., userDataDir: /var/folders/1k/shlf6zd95xs...}, goog:chromeOptions: {debuggerAddress: localhost:55102}, networkConnectionEnabled: false, pageLoadStrategy: normal, platformName: MAC, proxy: Proxy(), se:cdp: ws://localhost:55102/devtoo..., se:cdpVersion: 107.0.5304.121, setWindowRect: true, strictFileInteractability: false, timeouts: {implicit: 0, pageLoad: 300000, script: 30000}, unhandledPromptBehavior: dismiss and notify, webauthn:extension:credBlob: true, webauthn:extension:largeBlob: true, webauthn:virtualAuthenticators: true}
Session ID: 3323432c96984e2c9bc2c35938fa0c89
	at org.openqa.selenium.support.ui.WebDriverWait.timeoutException(WebDriverWait.java:87)
	at org.openqa.selenium.support.ui.FluentWait.until(FluentWait.java:231)
	at org.example.stepDefs.D06_homeSlidersStepDef.userShouldBeRedirectedToTheNokiaProductPage(D06_homeSlidersStepDef.java:32)
	at ✽.user should be redirected to The Nokia product page(file:///Users/ahmadamer/IdeaProjects/nopCommerce_Maven_Cucumber/src/main/resources/features/F06_homeSliders.feature:5)
</pre></div><a href='#' onClick='toggleBox("stack-trace2135077268", this, "Click to show all stack frames", "Click to hide stack frames")'>Click to show all stack frames</a>
<div class='stack-trace' id='stack-trace2135077268'><pre>org.openqa.selenium.TimeoutException: Expected condition failed: waiting for visibility of [[ChromeDriver: chrome on MAC (3323432c96984e2c9bc2c35938fa0c89)] -&gt; xpath: //*[@id=&quot;nivo-slider&quot;]/a[2]] (tried for 5 second(s) with 500 milliseconds interval)
Build info: version: &apos;4.5.3&apos;, revision: &apos;4b786a1e430&apos;
System info: os.name: &apos;Mac OS X&apos;, os.arch: &apos;x86_64&apos;, os.version: &apos;11.6.7&apos;, java.version: &apos;19&apos;
Driver info: org.openqa.selenium.chrome.ChromeDriver
Capabilities {acceptInsecureCerts: false, browserName: chrome, browserVersion: 107.0.5304.121, chrome: {chromedriverVersion: 107.0.5304.62 (1eec40d3a576..., userDataDir: /var/folders/1k/shlf6zd95xs...}, goog:chromeOptions: {debuggerAddress: localhost:55102}, networkConnectionEnabled: false, pageLoadStrategy: normal, platformName: MAC, proxy: Proxy(), se:cdp: ws://localhost:55102/devtoo..., se:cdpVersion: 107.0.5304.121, setWindowRect: true, strictFileInteractability: false, timeouts: {implicit: 0, pageLoad: 300000, script: 30000}, unhandledPromptBehavior: dismiss and notify, webauthn:extension:credBlob: true, webauthn:extension:largeBlob: true, webauthn:virtualAuthenticators: true}
Session ID: 3323432c96984e2c9bc2c35938fa0c89
	at org.openqa.selenium.support.ui.WebDriverWait.timeoutException(WebDriverWait.java:87)
	at org.openqa.selenium.support.ui.FluentWait.until(FluentWait.java:231)
	at org.example.stepDefs.D06_homeSlidersStepDef.userShouldBeRedirectedToTheNokiaProductPage(D06_homeSlidersStepDef.java:32)
	at ✽.user should be redirected to The Nokia product page(file:///Users/ahmadamer/IdeaProjects/nopCommerce_Maven_Cucumber/src/main/resources/features/F06_homeSliders.feature:5)
</pre></div></td>
<td>13</td>
<td>org.example.runners.runners@275710fc</td></tr>
<tr>
<td title='org.example.runners.runners.runScenario()'><b>runScenario</b><br>Test class: org.example.runners.runners<br>Test method: Runs Cucumber Scenarios<br>Parameters: "second slider is clickable on home page", "F06_HomeSliders | user could select product from Home Sliders"</td>
<td><div><pre>org.openqa.selenium.TimeoutException: Expected condition failed: waiting for visibility of [[ChromeDriver: chrome on MAC (7f4ea00f1dd9975e7d44d1f52910a239)] -&gt; xpath: //*[@id=&quot;nivo-slider&quot;]/a[2]] (tried for 5 second(s) with 500 milliseconds interval)
Build info: version: &apos;4.5.3&apos;, revision: &apos;4b786a1e430&apos;
System info: os.name: &apos;Mac OS X&apos;, os.arch: &apos;x86_64&apos;, os.version: &apos;11.6.7&apos;, java.version: &apos;19&apos;
Driver info: org.openqa.selenium.chrome.ChromeDriver
Capabilities {acceptInsecureCerts: false, browserName: chrome, browserVersion: 107.0.5304.121, chrome: {chromedriverVersion: 107.0.5304.62 (1eec40d3a576..., userDataDir: /var/folders/1k/shlf6zd95xs...}, goog:chromeOptions: {debuggerAddress: localhost:55172}, networkConnectionEnabled: false, pageLoadStrategy: normal, platformName: MAC, proxy: Proxy(), se:cdp: ws://localhost:55172/devtoo..., se:cdpVersion: 107.0.5304.121, setWindowRect: true, strictFileInteractability: false, timeouts: {implicit: 0, pageLoad: 300000, script: 30000}, unhandledPromptBehavior: dismiss and notify, webauthn:extension:credBlob: true, webauthn:extension:largeBlob: true, webauthn:virtualAuthenticators: true}
Session ID: 7f4ea00f1dd9975e7d44d1f52910a239
	at org.openqa.selenium.support.ui.WebDriverWait.timeoutException(WebDriverWait.java:87)
	at org.openqa.selenium.support.ui.FluentWait.until(FluentWait.java:231)
	at org.example.stepDefs.D06_homeSlidersStepDef.userShouldBeDirectedToTheIphoneProductPage(D06_homeSlidersStepDef.java:59)
	at ✽.user should be directed to the iphone product page(file:///Users/ahmadamer/IdeaProjects/nopCommerce_Maven_Cucumber/src/main/resources/features/F06_homeSliders.feature:9)
</pre></div><a href='#' onClick='toggleBox("stack-trace1324029152", this, "Click to show all stack frames", "Click to hide stack frames")'>Click to show all stack frames</a>
<div class='stack-trace' id='stack-trace1324029152'><pre>org.openqa.selenium.TimeoutException: Expected condition failed: waiting for visibility of [[ChromeDriver: chrome on MAC (7f4ea00f1dd9975e7d44d1f52910a239)] -&gt; xpath: //*[@id=&quot;nivo-slider&quot;]/a[2]] (tried for 5 second(s) with 500 milliseconds interval)
Build info: version: &apos;4.5.3&apos;, revision: &apos;4b786a1e430&apos;
System info: os.name: &apos;Mac OS X&apos;, os.arch: &apos;x86_64&apos;, os.version: &apos;11.6.7&apos;, java.version: &apos;19&apos;
Driver info: org.openqa.selenium.chrome.ChromeDriver
Capabilities {acceptInsecureCerts: false, browserName: chrome, browserVersion: 107.0.5304.121, chrome: {chromedriverVersion: 107.0.5304.62 (1eec40d3a576..., userDataDir: /var/folders/1k/shlf6zd95xs...}, goog:chromeOptions: {debuggerAddress: localhost:55172}, networkConnectionEnabled: false, pageLoadStrategy: normal, platformName: MAC, proxy: Proxy(), se:cdp: ws://localhost:55172/devtoo..., se:cdpVersion: 107.0.5304.121, setWindowRect: true, strictFileInteractability: false, timeouts: {implicit: 0, pageLoad: 300000, script: 30000}, unhandledPromptBehavior: dismiss and notify, webauthn:extension:credBlob: true, webauthn:extension:largeBlob: true, webauthn:virtualAuthenticators: true}
Session ID: 7f4ea00f1dd9975e7d44d1f52910a239
	at org.openqa.selenium.support.ui.WebDriverWait.timeoutException(WebDriverWait.java:87)
	at org.openqa.selenium.support.ui.FluentWait.until(FluentWait.java:231)
	at org.example.stepDefs.D06_homeSlidersStepDef.userShouldBeDirectedToTheIphoneProductPage(D06_homeSlidersStepDef.java:59)
	at ✽.user should be directed to the iphone product page(file:///Users/ahmadamer/IdeaProjects/nopCommerce_Maven_Cucumber/src/main/resources/features/F06_homeSliders.feature:9)
</pre></div></td>
<td>16</td>
<td>org.example.runners.runners@275710fc</td></tr>
</table><p>
<table width='100%' border='1' class='invocation-passed'>
<tr><td colspan='4' align='center'><b>PASSED TESTS</b></td></tr>
<tr><td><b>Test method</b></td>
<td><b>Attribute(s)</b></td>
<td width="30%"><b>Exception</b></td>
<td width="10%"><b>Time (seconds)</b></td>
<td><b>Instance</b></td>
</tr>
<tr>
<td title='org.example.runners.runners.runScenario()'><b>runScenario</b><br>Test class: org.example.runners.runners<br>Test method: Runs Cucumber Scenarios<br>Parameters: "user opens twitter link", "F07_followUs | users could open followUs links"</td>
<td></td>
<td>10</td>
<td>org.example.runners.runners@275710fc</td></tr>
<tr>
<td title='org.example.runners.runners.runScenario()'><b>runScenario</b><br>Test class: org.example.runners.runners<br>Test method: Runs Cucumber Scenarios<br>Parameters: "user could switch to euro currency", "F03_Currencies | user could select different currencies"</td>
<td></td>
<td>9</td>
<td>org.example.runners.runners@275710fc</td></tr>
<tr>
<td title='org.example.runners.runners.runScenario()'><b>runScenario</b><br>Test class: org.example.runners.runners<br>Test method: Runs Cucumber Scenarios<br>Parameters: "user add product to wishlist successfully", "F08_Wishlist | User could add products to wishlist"</td>
<td></td>
<td>7</td>
<td>org.example.runners.runners@275710fc</td></tr>
<tr>
<td title='org.example.runners.runners.runScenario()'><b>runScenario</b><br>Test class: org.example.runners.runners<br>Test method: Runs Cucumber Scenarios<br>Parameters: "user add product to wishlist and verify size", "F08_Wishlist | User could add products to wishlist"</td>
<td></td>
<td>15</td>
<td>org.example.runners.runners@275710fc</td></tr>
<tr>
<td title='org.example.runners.runners.runScenario()'><b>runScenario</b><br>Test class: org.example.runners.runners<br>Test method: Runs Cucumber Scenarios<br>Parameters: "guest user could register with valid data successfully", "F01_Register | users could register with new accounts"</td>
<td></td>
<td>12</td>
<td>org.example.runners.runners@275710fc</td></tr>
<tr>
<td title='org.example.runners.runners.runScenario()'><b>runScenario</b><br>Test class: org.example.runners.runners<br>Test method: Runs Cucumber Scenarios<br>Parameters: "user select sub product from the main categories using hover actions", "F05_Hover | user could hover on a product and choose sub category"</td>
<td></td>
<td>9</td>
<td>org.example.runners.runners@275710fc</td></tr>
<tr>
<td title='org.example.runners.runners.runScenario()'><b>runScenario</b><br>Test class: org.example.runners.runners<br>Test method: Runs Cucumber Scenarios<br>Parameters: "user opens youtube link", "F07_followUs | users could open followUs links"</td>
<td></td>
<td>11</td>
<td>org.example.runners.runners@275710fc</td></tr>
<tr>
<td title='org.example.runners.runners.runScenario()'><b>runScenario</b><br>Test class: org.example.runners.runners<br>Test method: Runs Cucumber Scenarios<br>Parameters: "user could login with invalid email and password", "F02_Login | users could use login functionality to use their accounts"</td>
<td></td>
<td>9</td>
<td>org.example.runners.runners@275710fc</td></tr>
<tr>
<td title='org.example.runners.runners.runScenario()'><b>runScenario</b><br>Test class: org.example.runners.runners<br>Test method: Runs Cucumber Scenarios<br>Parameters: "user opens facebook link", "F07_followUs | users could open followUs links"</td>
<td></td>
<td>10</td>
<td>org.example.runners.runners@275710fc</td></tr>
<tr>
<td title='org.example.runners.runners.runScenario()'><b>runScenario</b><br>Test class: org.example.runners.runners<br>Test method: Runs Cucumber Scenarios<br>Parameters: "user search for product using SKU", "F04_Search | User could search for products using keywords or SKU"</td>
<td></td>
<td>9</td>
<td>org.example.runners.runners@275710fc</td></tr>
<tr>
<td title='org.example.runners.runners.runScenario()'><b>runScenario</b><br>Test class: org.example.runners.runners<br>Test method: Runs Cucumber Scenarios<br>Parameters: "user could login with valid email and password", "F02_Login | users could use login functionality to use their accounts"</td>
<td></td>
<td>10</td>
<td>org.example.runners.runners@275710fc</td></tr>
<tr>
<td title='org.example.runners.runners.runScenario()'><b>runScenario</b><br>Test class: org.example.runners.runners<br>Test method: Runs Cucumber Scenarios<br>Parameters: "user search for product using keyword", "F04_Search | User could search for products using keywords or SKU"</td>
<td></td>
<td>8</td>
<td>org.example.runners.runners@275710fc</td></tr>
</table><p>
</body>
</html>