<?xml version="1.0" encoding="UTF-8"?>
<!-- Generated by org.testng.reporters.JUnitReportReporter -->
<testsuite hostname="Ahmads-MacBook-Pro.local" failures="0" tests="15" name="org.example.runners.runners" time="168.041" errors="3" timestamp="2022-11-25T02:26:45 EET" skipped="0">
  <testcase classname="org.example.runners.runners" name="runScenario" time="10.755"/>
  <system-out/>
  <testcase classname="org.example.runners.runners" name="runScenario" time="9.733"/>
  <system-out/>
  <testcase classname="org.example.runners.runners" name="runScenario" time="11.044">
    <error message="Index 1 out of bounds for length 1" type="java.lang.IndexOutOfBoundsException">
      <![CDATA[java.lang.IndexOutOfBoundsException: Index 1 out of bounds for length 1
at java.base/jdk.internal.util.Preconditions.outOfBounds(Preconditions.java:100)
at java.base/jdk.internal.util.Preconditions.outOfBoundsCheckIndex(Preconditions.java:106)
at java.base/jdk.internal.util.Preconditions.checkIndex(Preconditions.java:302)
at java.base/java.util.Objects.checkIndex(Objects.java:385)
at java.base/java.util.ArrayList.get(ArrayList.java:427)
at org.example.stepDefs.D07_followUsStepDef.rssIsOpenedInNewTab(D07_followUsStepDef.java:77)
at ✽.RSS is opened in new tab(file:///Users/ahmadamer/IdeaProjects/nopCommerce_Maven_Cucumber/src/main/resources/features/F07_followUs.feature:11)
]]>
    </error>
  </testcase> <!-- runScenario -->
  <system-out/>
  <testcase classname="org.example.runners.runners" name="runScenario" time="7.932"/>
  <system-out/>
  <testcase classname="org.example.runners.runners" name="runScenario" time="15.098"/>
  <system-out/>
  <testcase classname="org.example.runners.runners" name="runScenario" time="16.220">
    <error message="Expected condition failed: waiting for visibility of [[ChromeDriver: chrome on MAC (7f4ea00f1dd9975e7d44d1f52910a239)] -&gt; xpath: //*[@id=&quot;nivo-slider&quot;]/a[2]] (tried for 5 second(s) with 500 milliseconds interval)
Build info: version: &#039;4.5.3&#039;, revision: &#039;4b786a1e430&#039;
System info: os.name: &#039;Mac OS X&#039;, os.arch: &#039;x86_64&#039;, os.version: &#039;11.6.7&#039;, java.version: &#039;19&#039;
Driver info: org.openqa.selenium.chrome.ChromeDriver
Capabilities {acceptInsecureCerts: false, browserName: chrome, browserVersion: 107.0.5304.121, chrome: {chromedriverVersion: 107.0.5304.62 (1eec40d3a576..., userDataDir: /var/folders/1k/shlf6zd95xs...}, goog:chromeOptions: {debuggerAddress: localhost:55172}, networkConnectionEnabled: false, pageLoadStrategy: normal, platformName: MAC, proxy: Proxy(), se:cdp: ws://localhost:55172/devtoo..., se:cdpVersion: 107.0.5304.121, setWindowRect: true, strictFileInteractability: false, timeouts: {implicit: 0, pageLoad: 300000, script: 30000}, unhandledPromptBehavior: dismiss and notify, webauthn:extension:credBlob: true, webauthn:extension:largeBlob: true, webauthn:virtualAuthenticators: true}
Session ID: 7f4ea00f1dd9975e7d44d1f52910a239" type="org.openqa.selenium.TimeoutException">
      <![CDATA[org.openqa.selenium.TimeoutException: Expected condition failed: waiting for visibility of [[ChromeDriver: chrome on MAC (7f4ea00f1dd9975e7d44d1f52910a239)] -> xpath: //*[@id="nivo-slider"]/a[2]] (tried for 5 second(s) with 500 milliseconds interval)
Build info: version: '4.5.3', revision: '4b786a1e430'
System info: os.name: 'Mac OS X', os.arch: 'x86_64', os.version: '11.6.7', java.version: '19'
Driver info: org.openqa.selenium.chrome.ChromeDriver
Capabilities {acceptInsecureCerts: false, browserName: chrome, browserVersion: 107.0.5304.121, chrome: {chromedriverVersion: 107.0.5304.62 (1eec40d3a576..., userDataDir: /var/folders/1k/shlf6zd95xs...}, goog:chromeOptions: {debuggerAddress: localhost:55172}, networkConnectionEnabled: false, pageLoadStrategy: normal, platformName: MAC, proxy: Proxy(), se:cdp: ws://localhost:55172/devtoo..., se:cdpVersion: 107.0.5304.121, setWindowRect: true, strictFileInteractability: false, timeouts: {implicit: 0, pageLoad: 300000, script: 30000}, unhandledPromptBehavior: dismiss and notify, webauthn:extension:credBlob: true, webauthn:extension:largeBlob: true, webauthn:virtualAuthenticators: true}
Session ID: 7f4ea00f1dd9975e7d44d1f52910a239
at org.openqa.selenium.support.ui.WebDriverWait.timeoutException(WebDriverWait.java:87)
at org.openqa.selenium.support.ui.FluentWait.until(FluentWait.java:231)
at org.example.stepDefs.D06_homeSlidersStepDef.userShouldBeDirectedToTheIphoneProductPage(D06_homeSlidersStepDef.java:59)
at ✽.user should be directed to the iphone product page(file:///Users/ahmadamer/IdeaProjects/nopCommerce_Maven_Cucumber/src/main/resources/features/F06_homeSliders.feature:9)
]]>
    </error>
  </testcase> <!-- runScenario -->
  <system-out/>
  <testcase classname="org.example.runners.runners" name="runScenario" time="12.971"/>
  <system-out/>
  <testcase classname="org.example.runners.runners" name="runScenario" time="9.596"/>
  <system-out/>
  <testcase classname="org.example.runners.runners" name="runScenario" time="11.660"/>
  <system-out/>
  <testcase classname="org.example.runners.runners" name="runScenario" time="9.992"/>
  <system-out/>
  <testcase classname="org.example.runners.runners" name="runScenario" time="13.117">
    <error message="Expected condition failed: waiting for visibility of [[ChromeDriver: chrome on MAC (3323432c96984e2c9bc2c35938fa0c89)] -&gt; xpath: //*[@id=&quot;nivo-slider&quot;]/a[2]] (tried for 5 second(s) with 500 milliseconds interval)
Build info: version: &#039;4.5.3&#039;, revision: &#039;4b786a1e430&#039;
System info: os.name: &#039;Mac OS X&#039;, os.arch: &#039;x86_64&#039;, os.version: &#039;11.6.7&#039;, java.version: &#039;19&#039;
Driver info: org.openqa.selenium.chrome.ChromeDriver
Capabilities {acceptInsecureCerts: false, browserName: chrome, browserVersion: 107.0.5304.121, chrome: {chromedriverVersion: 107.0.5304.62 (1eec40d3a576..., userDataDir: /var/folders/1k/shlf6zd95xs...}, goog:chromeOptions: {debuggerAddress: localhost:55102}, networkConnectionEnabled: false, pageLoadStrategy: normal, platformName: MAC, proxy: Proxy(), se:cdp: ws://localhost:55102/devtoo..., se:cdpVersion: 107.0.5304.121, setWindowRect: true, strictFileInteractability: false, timeouts: {implicit: 0, pageLoad: 300000, script: 30000}, unhandledPromptBehavior: dismiss and notify, webauthn:extension:credBlob: true, webauthn:extension:largeBlob: true, webauthn:virtualAuthenticators: true}
Session ID: 3323432c96984e2c9bc2c35938fa0c89" type="org.openqa.selenium.TimeoutException">
      <![CDATA[org.openqa.selenium.TimeoutException: Expected condition failed: waiting for visibility of [[ChromeDriver: chrome on MAC (3323432c96984e2c9bc2c35938fa0c89)] -> xpath: //*[@id="nivo-slider"]/a[2]] (tried for 5 second(s) with 500 milliseconds interval)
Build info: version: '4.5.3', revision: '4b786a1e430'
System info: os.name: 'Mac OS X', os.arch: 'x86_64', os.version: '11.6.7', java.version: '19'
Driver info: org.openqa.selenium.chrome.ChromeDriver
Capabilities {acceptInsecureCerts: false, browserName: chrome, browserVersion: 107.0.5304.121, chrome: {chromedriverVersion: 107.0.5304.62 (1eec40d3a576..., userDataDir: /var/folders/1k/shlf6zd95xs...}, goog:chromeOptions: {debuggerAddress: localhost:55102}, networkConnectionEnabled: false, pageLoadStrategy: normal, platformName: MAC, proxy: Proxy(), se:cdp: ws://localhost:55102/devtoo..., se:cdpVersion: 107.0.5304.121, setWindowRect: true, strictFileInteractability: false, timeouts: {implicit: 0, pageLoad: 300000, script: 30000}, unhandledPromptBehavior: dismiss and notify, webauthn:extension:credBlob: true, webauthn:extension:largeBlob: true, webauthn:virtualAuthenticators: true}
Session ID: 3323432c96984e2c9bc2c35938fa0c89
at org.openqa.selenium.support.ui.WebDriverWait.timeoutException(WebDriverWait.java:87)
at org.openqa.selenium.support.ui.FluentWait.until(FluentWait.java:231)
at org.example.stepDefs.D06_homeSlidersStepDef.userShouldBeRedirectedToTheNokiaProductPage(D06_homeSlidersStepDef.java:32)
at ✽.user should be redirected to The Nokia product page(file:///Users/ahmadamer/IdeaProjects/nopCommerce_Maven_Cucumber/src/main/resources/features/F06_homeSliders.feature:5)
]]>
    </error>
  </testcase> <!-- runScenario -->
  <system-out/>
  <testcase classname="org.example.runners.runners" name="runScenario" time="10.626"/>
  <system-out/>
  <testcase classname="org.example.runners.runners" name="runScenario" time="9.907"/>
  <system-out/>
  <testcase classname="org.example.runners.runners" name="runScenario" time="10.505"/>
  <system-out/>
  <testcase classname="org.example.runners.runners" name="runScenario" time="8.885"/>
  <system-out/>
</testsuite> <!-- org.example.runners.runners -->
